<?xml version="1.0" encoding="UTF-8"?>
<testng-results skipped="0" failed="0" total="0" passed="0">
  <reporter-output>
  </reporter-output>
  <suite name="Surefire suite" duration-ms="196" started-at="2018-06-20T16:34:54Z" finished-at="2018-06-20T16:34:54Z">
    <groups>
      <group name="cucumber">
        <method signature="TestRunner.feature(cucumber.api.testng.CucumberFeatureWrapper)[pri:0, instance:TestRunner@26f67b76]" name="feature" class="TestRunner"/>
      </group> <!-- cucumber -->
    </groups>
    <test name="Surefire test" duration-ms="196" started-at="2018-06-20T16:34:54Z" finished-at="2018-06-20T16:34:54Z">
      <class name="TestRunner">
        <test-method status="PASS" signature="setUpClass()[pri:0, instance:TestRunner@26f67b76]" name="setUpClass" is-config="true" duration-ms="143" started-at="2018-06-20T19:34:54Z" finished-at="2018-06-20T19:34:54Z">
          <reporter-output>
          </reporter-output>
        </test-method> <!-- setUpClass -->
        <test-method status="PASS" signature="tearDownClass()[pri:0, instance:TestRunner@26f67b76]" name="tearDownClass" is-config="true" duration-ms="45" started-at="2018-06-20T19:34:54Z" finished-at="2018-06-20T19:34:54Z">
          <reporter-output>
          </reporter-output>
        </test-method> <!-- tearDownClass -->
      </class> <!-- TestRunner -->
    </test> <!-- Surefire test -->
  </suite> <!-- Surefire suite -->
</testng-results>
